<?xml version="1.0" encoding="UTF-8"?>
<testng-results ignored="0" total="1" passed="1" failed="0" skipped="0">
  <reporter-output>
  </reporter-output>
  <suite started-at="2022-05-26T12:13:12Z" name="SmartCommerce" finished-at="2022-05-26T12:13:37Z" duration-ms="25351">
    <groups>
    </groups>
    <test started-at="2022-05-26T12:13:12Z" name="SmartCommerce_Test1" finished-at="2022-05-26T12:13:37Z" duration-ms="25351">
      <class name="com.SmartCommerce.testcases.TC_AddCustomerTest_003">
        <test-method is-config="true" signature="setup(java.lang.String)[pri:0, instance:com.SmartCommerce.testcases.TC_AddCustomerTest_003@795cd85e]" started-at="2022-05-26T12:13:12Z" name="setup" finished-at="2022-05-26T12:13:15Z" duration-ms="2852" status="PASS">
          <params>
            <param index="0">
              <value>
                <![CDATA[chrome]]>
              </value>
            </param>
          </params>
          <reporter-output>
          </reporter-output>
        </test-method> <!-- setup -->
        <test-method signature="addNewCustomer()[pri:0, instance:com.SmartCommerce.testcases.TC_AddCustomerTest_003@795cd85e]" started-at="2022-05-26T12:13:15Z" name="addNewCustomer" finished-at="2022-05-26T12:13:36Z" duration-ms="21679" status="PASS">
          <reporter-output>
          </reporter-output>
        </test-method> <!-- addNewCustomer -->
        <test-method is-config="true" signature="tearDown()[pri:0, instance:com.SmartCommerce.testcases.TC_AddCustomerTest_003@795cd85e]" started-at="2022-05-26T12:13:37Z" name="tearDown" finished-at="2022-05-26T12:13:37Z" duration-ms="619" status="PASS">
          <reporter-output>
          </reporter-output>
        </test-method> <!-- tearDown -->
      </class> <!-- com.SmartCommerce.testcases.TC_AddCustomerTest_003 -->
    </test> <!-- SmartCommerce_Test1 -->
  </suite> <!-- SmartCommerce -->
</testng-results>
